<?xml version="1.0" encoding="UTF-8"?>
<!-- Generated by org.testng.reporters.JUnitXMLReporter -->
<testsuite hostname="admin-PC" name="UCLoginTest" tests="3" failures="2" timestamp="23 Jun 2014 07:05:43 GMT" time="43.576" errors="0">
  <testcase name="InputNullPwdTest" time="2.794" classname="cases.UCLoginTest"/>
  <testcase name="InputRightPwdTest" time="8.985" classname="cases.UCLoginTest">
    <failure type="java.lang.Exception" message="[失败]assertTrue操作异常：
Expected: is &amp;lt;true&amp;gt;
     got: &amp;lt;false&amp;gt;
,实际值:false,期望值:true">
      <![CDATA[java.lang.Exception: [失败]assertTrue操作异常：
Expected: is <true>
     got: <false>
,实际值:false,期望值:true
	at com.zendaimoney.Dokodemo.logger.LogUtils.setAssertFailed(LogUtils.java:382)
	at com.zendaimoney.Dokodemo.DokodemoTool.assertTrue(DokodemoTool.java:69)
	at com.zendaimoney.Dokodemo.ETestWebUIBaseCase.assertTrue(ETestWebUIBaseCase.java:44)
	at cases.UCLoginTest.InputRightPwdTest(UCLoginTest.java:54)
	at java.util.concurrent.FutureTask$Sync.innerRun(FutureTask.java:334)
	at java.util.concurrent.FutureTask.run(FutureTask.java:166)
	at java.util.concurrent.ThreadPoolExecutor.runWorker(ThreadPoolExecutor.java:1145)
	at java.util.concurrent.ThreadPoolExecutor$Worker.run(ThreadPoolExecutor.java:615)
	at java.lang.Thread.run(Thread.java:724)
... Removed 16 stack frames]]>
    </failure>
  </testcase> <!-- InputRightPwdTest -->
  <testcase name="InputWrongPwdTest" time="9.012" classname="cases.UCLoginTest">
    <failure type="java.lang.Exception" message="[失败]assertTrue操作异常：
Expected: is &amp;lt;true&amp;gt;
     got: &amp;lt;false&amp;gt;
,实际值:false,期望值:true">
      <![CDATA[java.lang.Exception: [失败]assertTrue操作异常：
Expected: is <true>
     got: <false>
,实际值:false,期望值:true
	at com.zendaimoney.Dokodemo.logger.LogUtils.setAssertFailed(LogUtils.java:382)
	at com.zendaimoney.Dokodemo.DokodemoTool.assertTrue(DokodemoTool.java:69)
	at com.zendaimoney.Dokodemo.ETestWebUIBaseCase.assertTrue(ETestWebUIBaseCase.java:44)
	at cases.UCLoginTest.InputWrongPwdTest(UCLoginTest.java:45)
	at java.util.concurrent.FutureTask$Sync.innerRun(FutureTask.java:334)
	at java.util.concurrent.FutureTask.run(FutureTask.java:166)
	at java.util.concurrent.ThreadPoolExecutor.runWorker(ThreadPoolExecutor.java:1145)
	at java.util.concurrent.ThreadPoolExecutor$Worker.run(ThreadPoolExecutor.java:615)
	at java.lang.Thread.run(Thread.java:724)
... Removed 16 stack frames]]>
    </failure>
  </testcase> <!-- InputWrongPwdTest -->
</testsuite> <!-- UCLoginTest -->
