<?xml version="1.0" encoding="UTF-8"?>
<testng-results skipped="0" failed="0" total="1" passed="1">
  <reporter-output>
  </reporter-output>
  <suite name="Default suite" duration-ms="32218" started-at="2014-06-27T08:46:25Z" finished-at="2014-06-27T08:46:57Z">
    <groups>
    </groups>
    <test name="Default test" duration-ms="32218" started-at="2014-06-27T08:46:25Z" finished-at="2014-06-27T08:46:57Z">
      <class name="cases.ForCustomerTest">
        <test-method status="PASS" signature="SetUp()[pri:0, instance:cases.ForCustomerTest@1feb0edd]" name="SetUp" is-config="true" duration-ms="2132" started-at="2014-06-27T16:46:25Z" finished-at="2014-06-27T16:46:27Z">
          <reporter-output>
          </reporter-output>
        </test-method> <!-- SetUp -->
        <test-method status="PASS" signature="test_demo2()[pri:0, instance:cases.ForCustomerTest@1feb0edd]" name="test_demo2" duration-ms="30079" started-at="2014-06-27T16:46:27Z" finished-at="2014-06-27T16:46:57Z">
          <reporter-output>
          </reporter-output>
        </test-method> <!-- test_demo2 -->
      </class> <!-- cases.ForCustomerTest -->
    </test> <!-- Default test -->
  </suite> <!-- Default suite -->
</testng-results>
